$ next build
info  - Linting and checking validity of types...
warn  - TypeScript project references are not fully supported. Attempting to build in incremental mode.
error - ESLint: Failed to load config "prettier" to extend from. Referenced from: /Users/user/www/harmony-working/apps/ps/.eslintrc.js
info  - Creating an optimized production build...
info  - Disabled SWC as replacement for Babel because of custom Babel configuration ".babelrc" https://nextjs.org/docs/messages/swc-disabled
info  - Compiled successfully
info  - Collecting page data...
info  - Generating static pages (0/5)
info  - Generating static pages (1/5)
info  - Generating static pages (2/5)
info  - Generating static pages (3/5)
info  - Generating static pages (5/5)
info  - Finalizing page optimization...

Route (pages)                              Size     First Load JS
┌ ○ /                                      441 B           130 kB
├   /_app                                  0 B             108 kB
├ ○ /404                                   1.08 kB         131 kB
├ λ /api                                   0 B             108 kB
├ λ /api/logdna                            0 B             108 kB
├ ○ /experience                            15.8 kB         126 kB
├   └ css/18433778d2bb685c.css             1.01 kB
└ ○ /widgets/search                        1.24 kB         112 kB
+ First Load JS shared by all              109 kB
  ├ chunks/framework-0bff4c72fef67389.js   42 kB
  ├ chunks/main-6f108433521a314f.js        33.6 kB
  ├ chunks/pages/_app-4c2f1a6e7ff345f6.js  30.7 kB
  ├ chunks/webpack-6d81e159b522e9bd.js     1.84 kB
  └ css/26c593475a94b143.css               794 B

λ  (Server)  server-side renders at runtime (uses getInitialProps or getServerSideProps)
○  (Static)  automatically rendered as static HTML (uses no initial props)

